app/build/intermediates/manifest_merge_blame_file/debug/manifest-merger-blame-debug-report.txt
1<?xml version="1.0" encoding="utf-8"?>
2<manifest xmlns:android="http://schemas.android.com/apk/res/android"
3    package="com.example.projetapp"
4    android:versionCode="1"
5    android:versionName="1.0" >
6
7    <uses-sdk
8        android:minSdkVersion="22"
8-->src\main\AndroidManifest.xml
9        android:targetSdkVersion="28" />
9-->src\main\AndroidManifest.xml
10
11    <uses-permission android:name="android.permission.INTERNET" />
11-->src\main\AndroidManifest.xml:5:5-67
11-->src\main\AndroidManifest.xml:5:22-64
12    <uses-permission android:name="android.permission.ACCESS_NETWORK_STATE" />
12-->src\main\AndroidManifest.xml:6:5-79
12-->src\main\AndroidManifest.xml:6:22-76
13
14    <application
14-->src\main\AndroidManifest.xml:8:5-32:19
15        android:allowBackup="true"
15-->src\main\AndroidManifest.xml:9:9-35
16        android:appComponentFactory="android.support.v4.app.CoreComponentFactory"
16-->[com.android.support:support-compat:28.0.0] AndroidManifest.xml:22:18-91
17        android:debuggable="true"
18        android:icon="@mipmap/ic_launcher_round"
18-->src\main\AndroidManifest.xml:10:9-49
19        android:label="@string/app_name"
19-->src\main\AndroidManifest.xml:11:9-41
20        android:roundIcon="@mipmap/ic_launcher_round"
20-->src\main\AndroidManifest.xml:12:9-54
21        android:supportsRtl="true"
21-->src\main\AndroidManifest.xml:13:9-35
22        android:testOnly="true"
23        android:theme="@style/AppTheme2"
23-->src\main\AndroidManifest.xml:14:9-41
24        android:usesCleartextTraffic="true" >
24-->src\main\AndroidManifest.xml:15:9-44
25        <activity android:name="com.example.domotique.Activities.StorageActivity" />
25-->src\main\AndroidManifest.xml:16:9-73
25-->src\main\AndroidManifest.xml:16:19-61
26
27        <service
27-->src\main\AndroidManifest.xml:18:9-20:39
28            android:name="com.example.domotique.Services.GetIntentService"
28-->src\main\AndroidManifest.xml:19:13-54
29            android:exported="true" />
29-->src\main\AndroidManifest.xml:20:13-36
30
31        <activity
31-->src\main\AndroidManifest.xml:22:9-24:52
32            android:name="com.example.domotique.Activities.MainActivity"
32-->src\main\AndroidManifest.xml:23:13-52
33            android:screenOrientation="portrait" />
33-->src\main\AndroidManifest.xml:24:13-49
34        <activity android:name="com.example.domotique.Activities.LoginActivity" >
34-->src\main\AndroidManifest.xml:25:9-31:20
34-->src\main\AndroidManifest.xml:25:19-59
35            <intent-filter>
35-->src\main\AndroidManifest.xml:26:13-30:29
36                <action android:name="android.intent.action.MAIN" />
36-->src\main\AndroidManifest.xml:27:17-69
36-->src\main\AndroidManifest.xml:27:25-66
37
38                <category android:name="android.intent.category.LAUNCHER" />
38-->src\main\AndroidManifest.xml:29:17-77
38-->src\main\AndroidManifest.xml:29:27-74
39            </intent-filter>
40        </activity>
41    </application>
42
43</manifest>